{"/Users/jem/dojo/voting-machine/packages/justiciar/src/compactorial.ts": {"path":"/Users/jem/dojo/voting-machine/packages/justiciar/src/compactorial.ts","all":false,"statementMap":{"0":{"start":{"line":1,"column":0},"end":{"line":1,"column":27}},"1":{"start":{"line":2,"column":0},"end":{"line":2,"column":11}},"2":{"start":{"line":3,"column":0},"end":{"line":3,"column":37}},"3":{"start":{"line":4,"column":0},"end":{"line":4,"column":24}},"4":{"start":{"line":5,"column":0},"end":{"line":5,"column":12}},"5":{"start":{"line":6,"column":0},"end":{"line":6,"column":17}},"6":{"start":{"line":7,"column":0},"end":{"line":7,"column":21}},"7":{"start":{"line":8,"column":0},"end":{"line":8,"column":45}},"8":{"start":{"line":9,"column":0},"end":{"line":9,"column":37}},"9":{"start":{"line":10,"column":0},"end":{"line":10,"column":30}},"10":{"start":{"line":11,"column":0},"end":{"line":11,"column":9}},"11":{"start":{"line":12,"column":0},"end":{"line":12,"column":3}},"12":{"start":{"line":13,"column":0},"end":{"line":13,"column":10}},"13":{"start":{"line":14,"column":0},"end":{"line":14,"column":2}},"14":{"start":{"line":15,"column":0},"end":{"line":15,"column":26}},"15":{"start":{"line":16,"column":0},"end":{"line":16,"column":21}},"16":{"start":{"line":17,"column":0},"end":{"line":17,"column":2}},"17":{"start":{"line":18,"column":0},"end":{"line":18,"column":16}},"18":{"start":{"line":19,"column":0},"end":{"line":19,"column":1}},"19":{"start":{"line":20,"column":0},"end":{"line":20,"column":0}},"20":{"start":{"line":21,"column":0},"end":{"line":21,"column":49}},"21":{"start":{"line":22,"column":0},"end":{"line":22,"column":18}},"22":{"start":{"line":23,"column":0},"end":{"line":23,"column":31}},"23":{"start":{"line":24,"column":0},"end":{"line":24,"column":19}},"24":{"start":{"line":25,"column":0},"end":{"line":25,"column":37}},"25":{"start":{"line":26,"column":0},"end":{"line":26,"column":45}},"26":{"start":{"line":27,"column":0},"end":{"line":27,"column":69}},"27":{"start":{"line":28,"column":0},"end":{"line":28,"column":31}},"28":{"start":{"line":29,"column":0},"end":{"line":29,"column":4}},"29":{"start":{"line":30,"column":0},"end":{"line":30,"column":3}},"30":{"start":{"line":31,"column":0},"end":{"line":31,"column":12}},"31":{"start":{"line":32,"column":0},"end":{"line":32,"column":2}},"32":{"start":{"line":33,"column":0},"end":{"line":33,"column":17}},"33":{"start":{"line":34,"column":0},"end":{"line":34,"column":41}},"34":{"start":{"line":35,"column":0},"end":{"line":35,"column":28}},"35":{"start":{"line":36,"column":0},"end":{"line":36,"column":2}},"36":{"start":{"line":37,"column":0},"end":{"line":37,"column":15}},"37":{"start":{"line":38,"column":0},"end":{"line":38,"column":1}}},"s":{"0":1,"1":106,"2":106,"3":106,"4":106,"5":106,"6":109,"7":60,"8":60,"9":60,"10":60,"11":60,"12":49,"13":49,"14":106,"15":3,"16":3,"17":106,"18":106,"19":1,"20":1,"21":11,"22":11,"23":11,"24":29,"25":29,"26":32,"27":17,"28":17,"29":32,"30":29,"31":29,"32":11,"33":11,"34":27,"35":27,"36":11,"37":11},"branchMap":{"0":{"type":"branch","line":1,"loc":{"start":{"line":1,"column":7},"end":{"line":19,"column":1}},"locations":[{"start":{"line":1,"column":7},"end":{"line":19,"column":1}}]},"1":{"type":"branch","line":6,"loc":{"start":{"line":6,"column":16},"end":{"line":14,"column":2}},"locations":[{"start":{"line":6,"column":16},"end":{"line":14,"column":2}}]},"2":{"type":"branch","line":7,"loc":{"start":{"line":7,"column":20},"end":{"line":12,"column":3}},"locations":[{"start":{"line":7,"column":20},"end":{"line":12,"column":3}}]},"3":{"type":"branch","line":8,"loc":{"start":{"line":8,"column":37},"end":{"line":8,"column":45}},"locations":[{"start":{"line":8,"column":37},"end":{"line":8,"column":45}}]},"4":{"type":"branch","line":12,"loc":{"start":{"line":12,"column":2},"end":{"line":14,"column":2}},"locations":[{"start":{"line":12,"column":2},"end":{"line":14,"column":2}}]},"5":{"type":"branch","line":15,"loc":{"start":{"line":15,"column":25},"end":{"line":17,"column":2}},"locations":[{"start":{"line":15,"column":25},"end":{"line":17,"column":2}}]},"6":{"type":"branch","line":21,"loc":{"start":{"line":21,"column":7},"end":{"line":38,"column":1}},"locations":[{"start":{"line":21,"column":7},"end":{"line":38,"column":1}}]},"7":{"type":"branch","line":24,"loc":{"start":{"line":24,"column":18},"end":{"line":32,"column":2}},"locations":[{"start":{"line":24,"column":18},"end":{"line":32,"column":2}}]},"8":{"type":"branch","line":26,"loc":{"start":{"line":26,"column":44},"end":{"line":30,"column":3}},"locations":[{"start":{"line":26,"column":44},"end":{"line":30,"column":3}}]},"9":{"type":"branch","line":27,"loc":{"start":{"line":27,"column":26},"end":{"line":27,"column":68}},"locations":[{"start":{"line":27,"column":26},"end":{"line":27,"column":68}}]},"10":{"type":"branch","line":27,"loc":{"start":{"line":27,"column":50},"end":{"line":27,"column":61}},"locations":[{"start":{"line":27,"column":50},"end":{"line":27,"column":61}}]},"11":{"type":"branch","line":27,"loc":{"start":{"line":27,"column":68},"end":{"line":29,"column":4}},"locations":[{"start":{"line":27,"column":68},"end":{"line":29,"column":4}}]},"12":{"type":"branch","line":34,"loc":{"start":{"line":34,"column":40},"end":{"line":36,"column":2}},"locations":[{"start":{"line":34,"column":40},"end":{"line":36,"column":2}}]}},"b":{"0":[106],"1":[109],"2":[60],"3":[48],"4":[49],"5":[3],"6":[11],"7":[29],"8":[32],"9":[17],"10":[0],"11":[17],"12":[27]},"fnMap":{"0":{"name":"getFactors","decl":{"start":{"line":1,"column":7},"end":{"line":19,"column":1}},"loc":{"start":{"line":1,"column":7},"end":{"line":19,"column":1}},"line":1},"1":{"name":"compactorial","decl":{"start":{"line":21,"column":7},"end":{"line":38,"column":1}},"loc":{"start":{"line":21,"column":7},"end":{"line":38,"column":1}},"line":21}},"f":{"0":106,"1":11}}
,"/Users/jem/dojo/voting-machine/packages/justiciar/src/droop.ts": {"path":"/Users/jem/dojo/voting-machine/packages/justiciar/src/droop.ts","all":false,"statementMap":{"0":{"start":{"line":1,"column":0},"end":{"line":1,"column":27}},"1":{"start":{"line":2,"column":0},"end":{"line":2,"column":24}},"2":{"start":{"line":3,"column":0},"end":{"line":3,"column":25}},"3":{"start":{"line":4,"column":0},"end":{"line":4,"column":11}},"4":{"start":{"line":5,"column":0},"end":{"line":5,"column":49}},"5":{"start":{"line":6,"column":0},"end":{"line":6,"column":70}},"6":{"start":{"line":7,"column":0},"end":{"line":7,"column":45}},"7":{"start":{"line":8,"column":0},"end":{"line":8,"column":14}},"8":{"start":{"line":9,"column":0},"end":{"line":9,"column":1}}},"s":{"0":1,"1":6,"2":6,"3":6,"4":6,"5":6,"6":6,"7":6,"8":6},"branchMap":{"0":{"type":"branch","line":1,"loc":{"start":{"line":1,"column":7},"end":{"line":9,"column":1}},"locations":[{"start":{"line":1,"column":7},"end":{"line":9,"column":1}}]}},"b":{"0":[6]},"fnMap":{"0":{"name":"droopQuota","decl":{"start":{"line":1,"column":7},"end":{"line":9,"column":1}},"loc":{"start":{"line":1,"column":7},"end":{"line":9,"column":1}},"line":1}},"f":{"0":6}}
,"/Users/jem/dojo/voting-machine/packages/justiciar/src/main.ts": {"path":"/Users/jem/dojo/voting-machine/packages/justiciar/src/main.ts","all":false,"statementMap":{"0":{"start":{"line":1,"column":0},"end":{"line":1,"column":51}},"1":{"start":{"line":2,"column":0},"end":{"line":2,"column":69}},"2":{"start":{"line":3,"column":0},"end":{"line":3,"column":51}},"3":{"start":{"line":4,"column":0},"end":{"line":4,"column":0}},"4":{"start":{"line":5,"column":0},"end":{"line":5,"column":37}},"5":{"start":{"line":6,"column":0},"end":{"line":6,"column":46}},"6":{"start":{"line":7,"column":0},"end":{"line":7,"column":0}},"7":{"start":{"line":8,"column":0},"end":{"line":8,"column":54}},"8":{"start":{"line":9,"column":0},"end":{"line":9,"column":40}},"9":{"start":{"line":10,"column":0},"end":{"line":10,"column":17}},"10":{"start":{"line":11,"column":0},"end":{"line":11,"column":1}},"11":{"start":{"line":12,"column":0},"end":{"line":12,"column":0}},"12":{"start":{"line":13,"column":0},"end":{"line":13,"column":25}},"13":{"start":{"line":14,"column":0},"end":{"line":14,"column":19}},"14":{"start":{"line":15,"column":0},"end":{"line":15,"column":12}},"15":{"start":{"line":16,"column":0},"end":{"line":16,"column":14}},"16":{"start":{"line":17,"column":0},"end":{"line":17,"column":2}},"17":{"start":{"line":18,"column":0},"end":{"line":18,"column":61}},"18":{"start":{"line":19,"column":0},"end":{"line":19,"column":18}},"19":{"start":{"line":20,"column":0},"end":{"line":20,"column":63}},"20":{"start":{"line":21,"column":0},"end":{"line":21,"column":3}},"21":{"start":{"line":22,"column":0},"end":{"line":22,"column":0}},"22":{"start":{"line":23,"column":0},"end":{"line":23,"column":21}},"23":{"start":{"line":24,"column":0},"end":{"line":24,"column":15}},"24":{"start":{"line":25,"column":0},"end":{"line":25,"column":12}},"25":{"start":{"line":26,"column":0},"end":{"line":26,"column":14}},"26":{"start":{"line":27,"column":0},"end":{"line":27,"column":2}},"27":{"start":{"line":28,"column":0},"end":{"line":28,"column":0}},"28":{"start":{"line":29,"column":0},"end":{"line":29,"column":30}},"29":{"start":{"line":30,"column":0},"end":{"line":30,"column":21}},"30":{"start":{"line":31,"column":0},"end":{"line":31,"column":36}},"31":{"start":{"line":32,"column":0},"end":{"line":32,"column":2}},"32":{"start":{"line":33,"column":0},"end":{"line":33,"column":71}},"33":{"start":{"line":34,"column":0},"end":{"line":34,"column":23}},"34":{"start":{"line":35,"column":0},"end":{"line":35,"column":49}},"35":{"start":{"line":36,"column":0},"end":{"line":36,"column":3}},"36":{"start":{"line":37,"column":0},"end":{"line":37,"column":60}},"37":{"start":{"line":38,"column":0},"end":{"line":38,"column":16}},"38":{"start":{"line":39,"column":0},"end":{"line":39,"column":7}},"39":{"start":{"line":40,"column":0},"end":{"line":40,"column":3}},"40":{"start":{"line":41,"column":0},"end":{"line":41,"column":29}},"41":{"start":{"line":42,"column":0},"end":{"line":42,"column":5}},"42":{"start":{"line":43,"column":0},"end":{"line":43,"column":9}},"43":{"start":{"line":44,"column":0},"end":{"line":44,"column":22}},"44":{"start":{"line":45,"column":0},"end":{"line":45,"column":52}},"45":{"start":{"line":46,"column":0},"end":{"line":46,"column":21}},"46":{"start":{"line":47,"column":0},"end":{"line":47,"column":59}},"47":{"start":{"line":48,"column":0},"end":{"line":48,"column":4}},"48":{"start":{"line":49,"column":0},"end":{"line":49,"column":34}},"49":{"start":{"line":50,"column":0},"end":{"line":50,"column":76}},"50":{"start":{"line":51,"column":0},"end":{"line":51,"column":58}},"51":{"start":{"line":52,"column":0},"end":{"line":52,"column":31}},"52":{"start":{"line":53,"column":0},"end":{"line":53,"column":4}},"53":{"start":{"line":54,"column":0},"end":{"line":54,"column":3}},"54":{"start":{"line":55,"column":0},"end":{"line":55,"column":0}},"55":{"start":{"line":56,"column":0},"end":{"line":56,"column":26}},"56":{"start":{"line":57,"column":0},"end":{"line":57,"column":2}},"57":{"start":{"line":58,"column":0},"end":{"line":58,"column":15}},"58":{"start":{"line":59,"column":0},"end":{"line":59,"column":34}},"59":{"start":{"line":60,"column":0},"end":{"line":60,"column":21}},"60":{"start":{"line":61,"column":0},"end":{"line":61,"column":3}},"61":{"start":{"line":62,"column":0},"end":{"line":62,"column":2}},"62":{"start":{"line":63,"column":0},"end":{"line":63,"column":10}},"63":{"start":{"line":64,"column":0},"end":{"line":64,"column":3}},"64":{"start":{"line":65,"column":0},"end":{"line":65,"column":2}},"65":{"start":{"line":66,"column":0},"end":{"line":66,"column":0}},"66":{"start":{"line":67,"column":0},"end":{"line":67,"column":40}},"67":{"start":{"line":68,"column":0},"end":{"line":68,"column":27}},"68":{"start":{"line":69,"column":0},"end":{"line":69,"column":36}},"69":{"start":{"line":70,"column":0},"end":{"line":70,"column":20}},"70":{"start":{"line":71,"column":0},"end":{"line":71,"column":3}},"71":{"start":{"line":72,"column":0},"end":{"line":72,"column":0}},"72":{"start":{"line":73,"column":0},"end":{"line":73,"column":38}},"73":{"start":{"line":74,"column":0},"end":{"line":74,"column":25}},"74":{"start":{"line":75,"column":0},"end":{"line":75,"column":32}},"75":{"start":{"line":76,"column":0},"end":{"line":76,"column":20}},"76":{"start":{"line":77,"column":0},"end":{"line":77,"column":3}},"77":{"start":{"line":78,"column":0},"end":{"line":78,"column":0}},"78":{"start":{"line":79,"column":0},"end":{"line":79,"column":75}},"79":{"start":{"line":80,"column":0},"end":{"line":80,"column":19}},"80":{"start":{"line":81,"column":0},"end":{"line":81,"column":5}},"81":{"start":{"line":82,"column":0},"end":{"line":82,"column":17}},"82":{"start":{"line":83,"column":0},"end":{"line":83,"column":22}},"83":{"start":{"line":84,"column":0},"end":{"line":84,"column":60}},"84":{"start":{"line":85,"column":0},"end":{"line":85,"column":21}},"85":{"start":{"line":86,"column":0},"end":{"line":86,"column":21}},"86":{"start":{"line":87,"column":0},"end":{"line":87,"column":106}},"87":{"start":{"line":88,"column":0},"end":{"line":88,"column":6}},"88":{"start":{"line":89,"column":0},"end":{"line":89,"column":4}},"89":{"start":{"line":90,"column":0},"end":{"line":90,"column":43}},"90":{"start":{"line":91,"column":0},"end":{"line":91,"column":45}},"91":{"start":{"line":92,"column":0},"end":{"line":92,"column":34}},"92":{"start":{"line":93,"column":0},"end":{"line":93,"column":15}},"93":{"start":{"line":94,"column":0},"end":{"line":94,"column":5}},"94":{"start":{"line":95,"column":0},"end":{"line":95,"column":39}},"95":{"start":{"line":96,"column":0},"end":{"line":96,"column":21}},"96":{"start":{"line":97,"column":0},"end":{"line":97,"column":112}},"97":{"start":{"line":98,"column":0},"end":{"line":98,"column":6}},"98":{"start":{"line":99,"column":0},"end":{"line":99,"column":4}},"99":{"start":{"line":100,"column":0},"end":{"line":100,"column":66}},"100":{"start":{"line":101,"column":0},"end":{"line":101,"column":35}},"101":{"start":{"line":102,"column":0},"end":{"line":102,"column":21}},"102":{"start":{"line":103,"column":0},"end":{"line":103,"column":155}},"103":{"start":{"line":104,"column":0},"end":{"line":104,"column":6}},"104":{"start":{"line":105,"column":0},"end":{"line":105,"column":4}},"105":{"start":{"line":106,"column":0},"end":{"line":106,"column":53}},"106":{"start":{"line":107,"column":0},"end":{"line":107,"column":21}},"107":{"start":{"line":108,"column":0},"end":{"line":108,"column":15}},"108":{"start":{"line":109,"column":0},"end":{"line":109,"column":25}},"109":{"start":{"line":110,"column":0},"end":{"line":110,"column":64}},"110":{"start":{"line":111,"column":0},"end":{"line":111,"column":61}},"111":{"start":{"line":112,"column":0},"end":{"line":112,"column":57}},"112":{"start":{"line":113,"column":0},"end":{"line":113,"column":16}},"113":{"start":{"line":114,"column":0},"end":{"line":114,"column":4}},"114":{"start":{"line":115,"column":0},"end":{"line":115,"column":3}},"115":{"start":{"line":116,"column":0},"end":{"line":116,"column":0}},"116":{"start":{"line":117,"column":0},"end":{"line":117,"column":28}},"117":{"start":{"line":118,"column":0},"end":{"line":118,"column":13}},"118":{"start":{"line":119,"column":0},"end":{"line":119,"column":44}},"119":{"start":{"line":120,"column":0},"end":{"line":120,"column":44}},"120":{"start":{"line":121,"column":0},"end":{"line":121,"column":44}},"121":{"start":{"line":122,"column":0},"end":{"line":122,"column":68}},"122":{"start":{"line":123,"column":0},"end":{"line":123,"column":48}},"123":{"start":{"line":124,"column":0},"end":{"line":124,"column":47}},"124":{"start":{"line":125,"column":0},"end":{"line":125,"column":41}},"125":{"start":{"line":126,"column":0},"end":{"line":126,"column":5}},"126":{"start":{"line":127,"column":0},"end":{"line":127,"column":1}},"127":{"start":{"line":128,"column":0},"end":{"line":128,"column":49}},"128":{"start":{"line":129,"column":0},"end":{"line":129,"column":17}},"129":{"start":{"line":130,"column":0},"end":{"line":130,"column":22}},"130":{"start":{"line":131,"column":0},"end":{"line":131,"column":30}},"131":{"start":{"line":132,"column":0},"end":{"line":132,"column":14}},"132":{"start":{"line":133,"column":0},"end":{"line":133,"column":46}},"133":{"start":{"line":134,"column":0},"end":{"line":134,"column":22}},"134":{"start":{"line":135,"column":0},"end":{"line":135,"column":26}},"135":{"start":{"line":136,"column":0},"end":{"line":136,"column":5}},"136":{"start":{"line":137,"column":0},"end":{"line":137,"column":58}},"137":{"start":{"line":138,"column":0},"end":{"line":138,"column":45}},"138":{"start":{"line":139,"column":0},"end":{"line":139,"column":3}},"139":{"start":{"line":140,"column":0},"end":{"line":140,"column":3}},"140":{"start":{"line":141,"column":0},"end":{"line":141,"column":3}}},"s":{"0":1,"1":1,"2":1,"3":1,"4":1,"5":1,"6":1,"7":3,"8":3,"9":3,"10":3,"11":1,"12":1,"13":1,"14":1,"15":1,"16":1,"17":1,"18":1,"19":1,"20":1,"21":1,"22":1,"23":1,"24":1,"25":1,"26":1,"27":1,"28":1,"29":1,"30":1,"31":1,"32":1,"33":1,"34":1,"35":1,"36":1,"37":1,"38":1,"39":1,"40":1,"41":1,"42":1,"43":1,"44":2,"45":2,"46":0,"47":0,"48":2,"49":2,"50":2,"51":2,"52":2,"53":1,"54":1,"55":1,"56":1,"57":1,"58":1,"59":1,"60":1,"61":1,"62":1,"63":1,"64":1,"65":1,"66":1,"67":1,"68":1,"69":1,"70":1,"71":1,"72":1,"73":1,"74":1,"75":1,"76":1,"77":1,"78":1,"79":1,"80":1,"81":1,"82":1,"83":3,"84":3,"85":0,"86":0,"87":0,"88":0,"89":3,"90":3,"91":3,"92":3,"93":3,"94":3,"95":0,"96":0,"97":0,"98":0,"99":3,"100":3,"101":0,"102":0,"103":0,"104":0,"105":3,"106":3,"107":3,"108":3,"109":3,"110":3,"111":3,"112":3,"113":3,"114":1,"115":1,"116":1,"117":1,"118":1,"119":1,"120":1,"121":1,"122":1,"123":1,"124":1,"125":1,"126":1,"127":1,"128":1,"129":1,"130":1,"131":1,"132":1,"133":1,"134":1,"135":1,"136":1,"137":1,"138":1,"139":1,"140":1},"branchMap":{"0":{"type":"branch","line":8,"loc":{"start":{"line":8,"column":0},"end":{"line":11,"column":1}},"locations":[{"start":{"line":8,"column":0},"end":{"line":11,"column":1}}]},"1":{"type":"branch","line":43,"loc":{"start":{"line":43,"column":2},"end":{"line":53,"column":4}},"locations":[{"start":{"line":43,"column":2},"end":{"line":53,"column":4}}]},"2":{"type":"branch","line":44,"loc":{"start":{"line":44,"column":2},"end":{"line":53,"column":4}},"locations":[{"start":{"line":44,"column":2},"end":{"line":53,"column":4}}]},"3":{"type":"branch","line":46,"loc":{"start":{"line":46,"column":20},"end":{"line":48,"column":4}},"locations":[{"start":{"line":46,"column":20},"end":{"line":48,"column":4}}]},"4":{"type":"branch","line":50,"loc":{"start":{"line":50,"column":49},"end":{"line":50,"column":74}},"locations":[{"start":{"line":50,"column":49},"end":{"line":50,"column":74}}]},"5":{"type":"branch","line":50,"loc":{"start":{"line":50,"column":64},"end":{"line":50,"column":72}},"locations":[{"start":{"line":50,"column":64},"end":{"line":50,"column":72}}]},"6":{"type":"branch","line":82,"loc":{"start":{"line":82,"column":2},"end":{"line":114,"column":4}},"locations":[{"start":{"line":82,"column":2},"end":{"line":114,"column":4}}]},"7":{"type":"branch","line":83,"loc":{"start":{"line":83,"column":2},"end":{"line":114,"column":4}},"locations":[{"start":{"line":83,"column":2},"end":{"line":114,"column":4}}]},"8":{"type":"branch","line":85,"loc":{"start":{"line":85,"column":20},"end":{"line":89,"column":4}},"locations":[{"start":{"line":85,"column":20},"end":{"line":89,"column":4}}]},"9":{"type":"branch","line":95,"loc":{"start":{"line":95,"column":38},"end":{"line":99,"column":4}},"locations":[{"start":{"line":95,"column":38},"end":{"line":99,"column":4}}]},"10":{"type":"branch","line":101,"loc":{"start":{"line":101,"column":34},"end":{"line":105,"column":4}},"locations":[{"start":{"line":101,"column":34},"end":{"line":105,"column":4}}]},"11":{"type":"branch","line":118,"loc":{"start":{"line":118,"column":1},"end":{"line":126,"column":5}},"locations":[{"start":{"line":118,"column":1},"end":{"line":126,"column":5}}]},"12":{"type":"branch","line":130,"loc":{"start":{"line":130,"column":6},"end":{"line":140,"column":3}},"locations":[{"start":{"line":130,"column":6},"end":{"line":140,"column":3}}]},"13":{"type":"branch","line":132,"loc":{"start":{"line":132,"column":2},"end":{"line":139,"column":3}},"locations":[{"start":{"line":132,"column":2},"end":{"line":139,"column":3}}]}},"b":{"0":[3],"1":[1],"2":[2],"3":[0],"4":[2],"5":[0],"6":[1],"7":[3],"8":[0],"9":[0],"10":[0],"11":[1],"12":[1],"13":[1]},"fnMap":{"0":{"name":"ok","decl":{"start":{"line":8,"column":0},"end":{"line":11,"column":1}},"loc":{"start":{"line":8,"column":0},"end":{"line":11,"column":1}},"line":8},"1":{"name":"default","decl":{"start":{"line":20,"column":10},"end":{"line":20,"column":63}},"loc":{"start":{"line":20,"column":10},"end":{"line":20,"column":63}},"line":20},"2":{"name":"get","decl":{"start":{"line":43,"column":2},"end":{"line":53,"column":4}},"loc":{"start":{"line":43,"column":2},"end":{"line":53,"column":4}},"line":43},"3":{"name":"get","decl":{"start":{"line":82,"column":2},"end":{"line":114,"column":4}},"loc":{"start":{"line":82,"column":2},"end":{"line":114,"column":4}},"line":82},"4":{"name":"ElectionState","decl":{"start":{"line":118,"column":1},"end":{"line":126,"column":5}},"loc":{"start":{"line":118,"column":1},"end":{"line":126,"column":5}},"line":118},"5":{"name":"<instance_members_initializer>","decl":{"start":{"line":130,"column":6},"end":{"line":140,"column":3}},"loc":{"start":{"line":130,"column":6},"end":{"line":140,"column":3}},"line":130},"6":{"name":"Election","decl":{"start":{"line":132,"column":2},"end":{"line":139,"column":3}},"loc":{"start":{"line":132,"column":2},"end":{"line":139,"column":3}},"line":132}},"f":{"0":3,"1":0,"2":1,"3":1,"4":1,"5":1,"6":1}}
}
