TN:
SF:src/candidate.ts
FN:19,default
FN:29,Candidate
FN:47,get
FN:88,get
FN:130,ElectionRoundCandidateState
FN:138,<instance_members_initializer>
FN:140,ElectionRoundCandidate
FNF:7
FNH:7
FNDA:20,default
FNDA:20,Candidate
FNDA:10,get
FNDA:10,get
FNDA:10,ElectionRoundCandidateState
FNDA:10,<instance_members_initializer>
FNDA:10,ElectionRoundCandidate
DA:1,1
DA:2,1
DA:3,1
DA:4,1
DA:5,1
DA:6,1
DA:7,1
DA:8,1
DA:9,1
DA:10,1
DA:11,1
DA:12,1
DA:13,1
DA:14,1
DA:15,1
DA:16,1
DA:17,1
DA:18,1
DA:19,1
DA:20,20
DA:21,20
DA:22,20
DA:23,20
DA:24,20
DA:25,1
DA:26,1
DA:27,1
DA:28,1
DA:29,1
DA:30,20
DA:31,20
DA:32,20
DA:33,20
DA:34,1
DA:35,1
DA:36,1
DA:37,1
DA:38,1
DA:39,1
DA:40,1
DA:41,1
DA:42,1
DA:43,1
DA:44,1
DA:45,1
DA:46,1
DA:47,1
DA:48,10
DA:49,10
DA:50,10
DA:51,10
DA:52,10
DA:53,10
DA:54,10
DA:55,10
DA:56,10
DA:57,10
DA:58,0
DA:59,0
DA:60,0
DA:61,0
DA:62,0
DA:63,0
DA:64,0
DA:65,0
DA:66,0
DA:67,0
DA:68,0
DA:69,0
DA:70,0
DA:71,0
DA:72,0
DA:73,0
DA:74,0
DA:75,10
DA:76,10
DA:77,1
DA:78,1
DA:79,1
DA:80,1
DA:81,1
DA:82,1
DA:83,1
DA:84,1
DA:85,1
DA:86,1
DA:87,1
DA:88,1
DA:89,10
DA:90,10
DA:91,10
DA:92,10
DA:93,10
DA:94,10
DA:95,10
DA:96,10
DA:97,3
DA:98,3
DA:99,3
DA:100,3
DA:101,3
DA:102,3
DA:103,3
DA:104,3
DA:105,3
DA:106,0
DA:107,0
DA:108,0
DA:109,0
DA:110,0
DA:111,0
DA:112,0
DA:113,0
DA:114,0
DA:115,0
DA:116,0
DA:117,0
DA:118,0
DA:119,0
DA:120,0
DA:121,0
DA:122,0
DA:123,0
DA:124,3
DA:125,7
DA:126,10
DA:127,1
DA:128,1
DA:129,1
DA:130,1
DA:131,10
DA:132,10
DA:133,10
DA:134,10
DA:135,1
DA:136,1
DA:137,1
DA:138,1
DA:139,10
DA:140,10
DA:141,10
DA:142,10
DA:143,10
DA:144,10
DA:145,10
DA:146,10
DA:147,1
LF:147
LH:112
BRDA:19,0,0,20
BRDA:29,1,0,20
BRDA:47,2,0,10
BRDA:48,3,0,10
BRDA:57,4,0,0
BRDA:88,5,0,10
BRDA:89,6,0,10
BRDA:96,7,0,3
BRDA:105,8,0,0
BRDA:124,9,0,7
BRDA:130,10,0,10
BRDA:138,11,0,10
BRDA:140,12,0,10
BRF:13
BRH:11
end_of_record
TN:
SF:src/droop.ts
FN:5,droopQuota
FN:18,get
FNF:2
FNH:2
FNDA:6,droopQuota
FNDA:1,get
DA:1,1
DA:2,1
DA:3,1
DA:4,1
DA:5,1
DA:6,6
DA:7,6
DA:8,6
DA:9,6
DA:10,6
DA:11,6
DA:12,6
DA:13,6
DA:14,1
DA:15,1
DA:16,1
DA:17,1
DA:18,1
DA:19,1
DA:20,3
DA:21,3
DA:22,0
DA:23,0
DA:24,0
DA:25,0
DA:26,3
DA:27,3
DA:28,3
DA:29,3
DA:30,3
DA:31,3
DA:32,3
DA:33,3
DA:34,3
DA:35,3
DA:36,1
LF:36
LH:32
BRDA:5,0,0,6
BRDA:18,1,0,1
BRDA:19,2,0,3
BRDA:21,3,0,0
BRF:4
BRH:3
end_of_record
TN:
SF:src/election-round.ts
FN:34,get
FN:85,<instance_members_initializer>
FN:88,ElectionRoundState
FN:89,setup
FN:101,<instance_members_initializer>
FN:104,ElectionRound
FN:111,setup
FN:130,spawnVoter
FNF:8
FNH:8
FNDA:1,get
FNDA:1,<instance_members_initializer>
FNDA:1,ElectionRoundState
FNDA:1,setup
FNDA:1,<instance_members_initializer>
FNDA:1,ElectionRound
FNDA:1,setup
FNDA:34,spawnVoter
DA:1,1
DA:2,1
DA:3,1
DA:4,1
DA:5,1
DA:6,1
DA:7,1
DA:8,1
DA:9,1
DA:10,1
DA:11,1
DA:12,1
DA:13,1
DA:14,1
DA:15,1
DA:16,1
DA:17,1
DA:18,1
DA:19,1
DA:20,1
DA:21,1
DA:22,1
DA:23,1
DA:24,1
DA:25,1
DA:26,1
DA:27,1
DA:28,1
DA:29,1
DA:30,1
DA:31,1
DA:32,1
DA:33,1
DA:34,1
DA:35,1
DA:36,1
DA:37,1
DA:38,1
DA:39,1
DA:40,1
DA:41,0
DA:42,0
DA:43,0
DA:44,0
DA:45,1
DA:46,1
DA:47,1
DA:48,10
DA:49,1
DA:50,1
DA:51,1
DA:52,1
DA:53,1
DA:54,1
DA:55,1
DA:56,1
DA:57,1
DA:58,1
DA:59,1
DA:60,1
DA:61,1
DA:62,1
DA:63,1
DA:64,0
DA:65,0
DA:66,0
DA:67,0
DA:68,0
DA:69,0
DA:70,0
DA:71,0
DA:72,0
DA:73,0
DA:74,0
DA:75,0
DA:76,0
DA:77,0
DA:78,0
DA:79,0
DA:80,0
DA:81,0
DA:82,1
DA:83,1
DA:84,1
DA:85,1
DA:86,1
DA:87,1
DA:88,1
DA:89,1
DA:90,1
DA:91,1
DA:92,1
DA:93,1
DA:94,1
DA:95,1
DA:96,1
DA:97,1
DA:98,1
DA:99,1
DA:100,1
DA:101,1
DA:102,1
DA:103,1
DA:104,1
DA:105,1
DA:106,1
DA:107,1
DA:108,1
DA:109,1
DA:110,1
DA:111,1
DA:112,1
DA:113,1
DA:114,1
DA:115,1
DA:116,1
DA:117,1
DA:118,1
DA:119,10
DA:120,10
DA:121,10
DA:122,10
DA:123,10
DA:124,10
DA:125,10
DA:126,1
DA:127,1
DA:128,1
DA:129,1
DA:130,1
DA:131,34
DA:132,34
DA:133,34
DA:134,34
DA:135,34
DA:136,34
DA:137,34
DA:138,34
DA:139,34
DA:140,1
DA:141,1
DA:142,1
DA:143,1
DA:144,1
LF:144
LH:122
BRDA:34,0,0,1
BRDA:35,1,0,1
BRDA:40,2,0,0
BRDA:63,3,0,0
BRDA:47,4,0,10
BRDA:50,5,0,1
BRDA:85,6,0,1
BRDA:88,7,0,1
BRDA:89,8,0,1
BRDA:101,9,0,1
BRDA:104,10,0,1
BRDA:111,11,0,1
BRDA:118,12,0,10
BRDA:130,13,0,34
BRF:14
BRH:12
end_of_record
TN:
SF:src/election.ts
FN:55,ElectionState
FN:67,<instance_members_initializer>
FN:70,Election
FN:80,do
FN:94,do
FN:113,do
FN:180,do
FN:196,do
FN:212,do
FN:227,spawnRound
FNF:10
FNH:9
FNDA:1,ElectionState
FNDA:1,<instance_members_initializer>
FNDA:1,Election
FNDA:100,do
FNDA:10,do
FNDA:34,do
FNDA:1,do
FNDA:0,do
FNDA:1,do
FNDA:1,spawnRound
DA:1,1
DA:2,1
DA:3,1
DA:4,1
DA:5,1
DA:6,1
DA:7,1
DA:8,1
DA:9,1
DA:10,1
DA:11,1
DA:12,1
DA:13,1
DA:14,1
DA:15,1
DA:16,1
DA:17,1
DA:18,1
DA:19,1
DA:20,1
DA:21,1
DA:22,1
DA:23,1
DA:24,1
DA:25,1
DA:26,1
DA:27,1
DA:28,1
DA:29,1
DA:30,1
DA:31,1
DA:32,1
DA:33,1
DA:34,1
DA:35,1
DA:36,1
DA:37,1
DA:38,1
DA:39,1
DA:40,1
DA:41,1
DA:42,1
DA:43,1
DA:44,1
DA:45,1
DA:46,1
DA:47,1
DA:48,1
DA:49,1
DA:50,1
DA:51,1
DA:52,1
DA:53,1
DA:54,1
DA:55,1
DA:56,1
DA:57,1
DA:58,1
DA:59,1
DA:60,1
DA:61,1
DA:62,1
DA:63,1
DA:64,1
DA:65,1
DA:66,1
DA:67,1
DA:68,1
DA:69,1
DA:70,1
DA:71,1
DA:72,1
DA:73,1
DA:74,1
DA:75,1
DA:76,1
DA:77,1
DA:78,1
DA:79,1
DA:80,1
DA:81,100
DA:82,100
DA:83,0
DA:84,0
DA:85,0
DA:86,0
DA:87,100
DA:88,100
DA:89,100
DA:90,100
DA:91,1
DA:92,1
DA:93,1
DA:94,1
DA:95,10
DA:96,10
DA:97,0
DA:98,0
DA:99,0
DA:100,0
DA:101,10
DA:102,10
DA:103,10
DA:104,10
DA:105,10
DA:106,10
DA:107,10
DA:108,10
DA:109,10
DA:110,1
DA:111,1
DA:112,1
DA:113,1
DA:114,34
DA:115,34
DA:116,0
DA:117,0
DA:118,0
DA:119,0
DA:120,34
DA:121,34
DA:122,34
DA:123,34
DA:124,34
DA:125,34
DA:126,34
DA:127,0
DA:128,0
DA:129,0
DA:130,0
DA:131,34
DA:132,34
DA:133,34
DA:134,34
DA:135,34
DA:136,34
DA:137,0
DA:138,0
DA:139,0
DA:140,0
DA:141,34
DA:142,34
DA:143,34
DA:144,34
DA:145,34
DA:146,34
DA:147,34
DA:148,34
DA:149,34
DA:150,34
DA:151,102
DA:152,102
DA:153,102
DA:154,0
DA:155,0
DA:156,0
DA:157,0
DA:158,102
DA:159,102
DA:160,0
DA:161,0
DA:162,0
DA:163,0
DA:164,102
DA:165,102
DA:166,102
DA:167,102
DA:168,102
DA:169,102
DA:170,102
DA:171,102
DA:172,34
DA:173,34
DA:174,34
DA:175,34
DA:176,1
DA:177,1
DA:178,1
DA:179,1
DA:180,1
DA:181,1
DA:182,1
DA:183,0
DA:184,0
DA:185,0
DA:186,0
DA:187,1
DA:188,1
DA:189,1
DA:190,1
DA:191,1
DA:192,1
DA:193,1
DA:194,1
DA:195,1
DA:196,1
DA:197,0
DA:198,0
DA:199,0
DA:200,0
DA:201,0
DA:202,0
DA:203,0
DA:204,0
DA:205,0
DA:206,0
DA:207,0
DA:208,1
DA:209,1
DA:210,1
DA:211,1
DA:212,1
DA:213,1
DA:214,1
DA:215,0
DA:216,0
DA:217,0
DA:218,0
DA:219,1
DA:220,1
DA:221,1
DA:222,1
DA:223,1
DA:224,1
DA:225,1
DA:226,1
DA:227,1
DA:228,1
DA:229,1
DA:230,1
DA:231,1
DA:232,1
DA:233,1
DA:234,1
DA:235,1
DA:236,1
DA:237,1
DA:238,1
DA:239,1
DA:240,1
DA:241,1
DA:242,1
DA:243,1
LF:243
LH:196
BRDA:55,0,0,1
BRDA:67,1,0,1
BRDA:70,2,0,1
BRDA:80,3,0,100
BRDA:82,4,0,0
BRDA:87,5,0,100
BRDA:94,6,0,10
BRDA:96,7,0,0
BRDA:101,8,0,10
BRDA:113,9,0,34
BRDA:115,10,0,0
BRDA:126,11,0,0
BRDA:136,12,0,0
BRDA:148,13,0,34
BRDA:150,14,0,102
BRDA:153,15,0,0
BRDA:159,16,0,0
BRDA:180,17,0,1
BRDA:182,18,0,0
BRDA:212,19,0,1
BRDA:214,20,0,0
BRDA:227,21,0,1
BRF:22
BRH:13
end_of_record
TN:
SF:src/index.ts
FNF:0
FNH:0
DA:1,1
DA:2,1
DA:3,1
DA:4,1
DA:5,1
DA:6,1
DA:7,1
LF:7
LH:7
BRF:0
BRH:0
end_of_record
TN:
SF:src/perf.ts
FN:1,perf
FNF:1
FNH:1
FNDA:240,perf
DA:1,1
DA:2,240
DA:3,240
DA:4,240
DA:5,240
DA:6,240
DA:7,240
DA:8,240
DA:9,240
DA:10,240
DA:11,240
DA:12,240
DA:13,240
DA:14,240
DA:15,240
DA:16,240
LF:16
LH:16
BRDA:1,0,0,240
BRDA:7,1,0,240
BRF:2
BRH:2
end_of_record
TN:
SF:src/rational.ts
FN:4,<instance_members_initializer>
FN:7,toFloat
FN:15,Rational
FN:21,incorporate
FN:30,entries
FN:34,isGreater
FN:36,than
FNF:7
FNH:7
FNDA:14,<instance_members_initializer>
FNDA:42,toFloat
FNDA:14,Rational
FNDA:40,incorporate
FNDA:2,entries
FNDA:21,isGreater
FNDA:21,than
DA:1,1
DA:2,1
DA:3,1
DA:4,1
DA:5,14
DA:6,14
DA:7,14
DA:8,42
DA:9,42
DA:10,16
DA:11,16
DA:12,42
DA:13,42
DA:14,14
DA:15,14
DA:16,14
DA:17,3
DA:18,3
DA:19,14
DA:20,14
DA:21,14
DA:22,40
DA:23,40
DA:24,40
DA:25,35
DA:26,35
DA:27,40
DA:28,40
DA:29,14
DA:30,14
DA:31,2
DA:32,2
DA:33,14
DA:34,14
DA:35,21
DA:36,21
DA:37,21
DA:38,21
DA:39,14
LF:39
LH:39
BRDA:4,0,0,14
BRDA:7,1,0,42
BRDA:9,2,0,16
BRDA:15,3,0,14
BRDA:16,4,0,3
BRDA:16,5,0,3
BRDA:21,6,0,40
BRDA:24,7,0,35
BRDA:30,8,0,2
BRDA:34,9,0,21
BRDA:36,10,0,21
BRF:11
BRH:11
end_of_record
TN:
SF:src/refinements.ts
FN:1,need
FN:8,ok
FNF:2
FNH:1
FNDA:48,need
FNDA:0,ok
DA:1,1
DA:2,48
DA:3,0
DA:4,0
DA:5,48
DA:6,48
DA:7,1
DA:8,1
DA:9,0
DA:10,0
LF:10
LH:6
BRDA:1,0,0,48
BRDA:2,1,0,0
BRF:2
BRH:1
end_of_record
TN:
SF:src/voter.ts
FN:40,get
FN:80,ElectionRoundVoterState
FN:87,<instance_members_initializer>
FN:89,ElectionRoundVoter
FN:108,get
FNF:5
FNH:5
FNDA:34,get
FNDA:34,ElectionRoundVoterState
FNDA:34,<instance_members_initializer>
FNDA:34,ElectionRoundVoter
FNDA:1,get
DA:1,1
DA:2,1
DA:3,1
DA:4,1
DA:5,1
DA:6,1
DA:7,1
DA:8,1
DA:9,1
DA:10,1
DA:11,1
DA:12,1
DA:13,1
DA:14,1
DA:15,1
DA:16,1
DA:17,1
DA:18,1
DA:19,1
DA:20,1
DA:21,1
DA:22,1
DA:23,1
DA:24,1
DA:25,1
DA:26,1
DA:27,1
DA:28,1
DA:29,1
DA:30,1
DA:31,1
DA:32,1
DA:33,1
DA:34,1
DA:35,1
DA:36,1
DA:37,1
DA:38,1
DA:39,1
DA:40,1
DA:41,34
DA:42,34
DA:43,34
DA:44,34
DA:45,34
DA:46,102
DA:47,102
DA:48,102
DA:49,102
DA:50,102
DA:51,102
DA:52,102
DA:53,102
DA:54,34
DA:55,34
DA:56,34
DA:57,34
DA:58,102
DA:59,34
DA:60,34
DA:61,34
DA:62,102
DA:63,34
DA:64,34
DA:65,102
DA:66,34
DA:67,34
DA:68,34
DA:69,102
DA:70,34
DA:71,102
DA:72,34
DA:73,34
DA:74,102
DA:75,34
DA:76,34
DA:77,1
DA:78,1
DA:79,1
DA:80,1
DA:81,34
DA:82,34
DA:83,34
DA:84,1
DA:85,1
DA:86,1
DA:87,1
DA:88,34
DA:89,34
DA:90,34
DA:91,34
DA:92,34
DA:93,34
DA:94,34
DA:95,34
DA:96,1
DA:97,1
DA:98,1
DA:99,1
DA:100,1
DA:101,1
DA:102,1
DA:103,1
DA:104,1
DA:105,1
DA:106,1
DA:107,1
DA:108,1
DA:109,1
DA:110,1
DA:111,1
DA:112,1
DA:113,1
DA:114,1
DA:115,1
DA:116,1
DA:117,1
DA:118,1
DA:119,1
DA:120,10
DA:121,10
DA:122,10
DA:123,10
DA:124,10
DA:125,10
DA:126,10
DA:127,10
DA:128,10
DA:129,1
DA:130,1
DA:131,1
DA:132,1
DA:133,1
DA:134,1
DA:135,10
DA:136,10
DA:137,10
DA:138,10
DA:139,10
DA:140,10
DA:141,10
DA:142,10
DA:143,102
DA:144,102
DA:145,102
DA:146,102
DA:147,102
DA:148,34
DA:149,102
DA:150,102
DA:151,102
DA:152,102
DA:153,102
DA:154,68
DA:155,68
DA:156,34
DA:157,34
DA:158,10
DA:159,10
DA:160,10
DA:161,10
DA:162,10
DA:163,10
DA:164,34
DA:165,34
DA:166,10
DA:167,10
DA:168,1
DA:169,1
DA:170,9
DA:171,1
DA:172,1
DA:173,1
DA:174,1
DA:175,1
LF:175
LH:175
BRDA:40,0,0,34
BRDA:41,1,0,34
BRDA:57,2,0,102
BRDA:58,3,0,34
BRDA:62,4,0,68
BRDA:62,5,0,34
BRDA:68,6,0,102
BRDA:69,7,0,34
BRDA:71,8,0,68
BRDA:71,9,0,34
BRDA:45,10,0,102
BRDA:80,11,0,34
BRDA:87,12,0,34
BRDA:89,13,0,34
BRDA:108,14,0,1
BRDA:109,15,0,1
BRDA:119,16,0,10
BRDA:134,17,0,10
BRDA:163,18,0,34
BRDA:142,19,0,102
BRDA:147,20,0,34
BRDA:153,21,0,68
BRDA:155,22,0,34
BRDA:159,23,0,102
BRDA:169,24,0,9
BRDA:170,25,0,0
BRF:26
BRH:25
end_of_record
